Added Component: Designator=J1(GCT_USB4145-03-0230-C_REVA2)
Add component (AddParameter): Name = "Availability"; Value = "Unavailable"; VariantName = "[No Variations]"
Add component (AddParameter): Name = "MF"; Value = "{'manufacturer': u'Global Connector Technology'}"; VariantName = "[No Variations]"
Add component (AddParameter): Name = "MP"; Value = "USB4145-03-0230-C_REVA2"; VariantName = "[No Variations]"
Add component (AddParameter): Name = "Package"; Value = "None"; VariantName = "[No Variations]"
Add component (AddParameter): Name = "Price"; Value = "None"; VariantName = "[No Variations]"
Add component (AddParameter): Name = "Value"; Value = ""; VariantName = "[No Variations]"
Added Component: Designator=J2(SEEED_110990030)
Add component (AddParameter): Name = "Availability"; Value = "Unavailable"; VariantName = "[No Variations]"
Add component (AddParameter): Name = "MF"; Value = "{'manufacturer': u'Seeed Technology'}"; VariantName = "[No Variations]"
Add component (AddParameter): Name = "MP"; Value = "110990030"; VariantName = "[No Variations]"
Add component (AddParameter): Name = "Package"; Value = "None"; VariantName = "[No Variations]"
Add component (AddParameter): Name = "Price"; Value = "None"; VariantName = "[No Variations]"
Add component (AddParameter): Name = "Value"; Value = ""; VariantName = "[No Variations]"
Added Component: Designator=J3(SEEED_110990030)
Add component (AddParameter): Name = "Availability"; Value = "Unavailable"; VariantName = "[No Variations]"
Add component (AddParameter): Name = "MF"; Value = "{'manufacturer': u'Seeed Technology'}"; VariantName = "[No Variations]"
Add component (AddParameter): Name = "MP"; Value = "110990030"; VariantName = "[No Variations]"
Add component (AddParameter): Name = "Package"; Value = "None"; VariantName = "[No Variations]"
Add component (AddParameter): Name = "Price"; Value = "None"; VariantName = "[No Variations]"
Add component (AddParameter): Name = "Value"; Value = ""; VariantName = "[No Variations]"
Added Component: Designator=J4(SEEED_110990030)
Add component (AddParameter): Name = "Availability"; Value = "Unavailable"; VariantName = "[No Variations]"
Add component (AddParameter): Name = "MF"; Value = "{'manufacturer': u'Seeed Technology'}"; VariantName = "[No Variations]"
Add component (AddParameter): Name = "MP"; Value = "110990030"; VariantName = "[No Variations]"
Add component (AddParameter): Name = "Package"; Value = "None"; VariantName = "[No Variations]"
Add component (AddParameter): Name = "Price"; Value = "None"; VariantName = "[No Variations]"
Add component (AddParameter): Name = "Value"; Value = ""; VariantName = "[No Variations]"
Added Component: Designator=J5(SEEED_110990030)
Add component (AddParameter): Name = "Availability"; Value = "Unavailable"; VariantName = "[No Variations]"
Add component (AddParameter): Name = "MF"; Value = "{'manufacturer': u'Seeed Technology'}"; VariantName = "[No Variations]"
Add component (AddParameter): Name = "MP"; Value = "110990030"; VariantName = "[No Variations]"
Add component (AddParameter): Name = "Package"; Value = "None"; VariantName = "[No Variations]"
Add component (AddParameter): Name = "Price"; Value = "None"; VariantName = "[No Variations]"
Add component (AddParameter): Name = "Value"; Value = ""; VariantName = "[No Variations]"
Added Component: Designator=J6(SEEED_110990030)
Add component (AddParameter): Name = "Availability"; Value = "Unavailable"; VariantName = "[No Variations]"
Add component (AddParameter): Name = "MF"; Value = "{'manufacturer': u'Seeed Technology'}"; VariantName = "[No Variations]"
Add component (AddParameter): Name = "MP"; Value = "110990030"; VariantName = "[No Variations]"
Add component (AddParameter): Name = "Package"; Value = "None"; VariantName = "[No Variations]"
Add component (AddParameter): Name = "Price"; Value = "None"; VariantName = "[No Variations]"
Add component (AddParameter): Name = "Value"; Value = ""; VariantName = "[No Variations]"
Added Component: Designator=U1(XCVR_ESP32-C3-DEVKITM-1)
Add component (AddParameter): Name = "Availability"; Value = "Unavailable"; VariantName = "[No Variations]"
Add component (AddParameter): Name = "MF"; Value = "{'manufacturer': u'Espressif Systems'}"; VariantName = "[No Variations]"
Add component (AddParameter): Name = "MP"; Value = "ESP32-C3-DEVKITM-1"; VariantName = "[No Variations]"
Add component (AddParameter): Name = "Package"; Value = "None"; VariantName = "[No Variations]"
Add component (AddParameter): Name = "Price"; Value = "None"; VariantName = "[No Variations]"
Add component (AddParameter): Name = "Value"; Value = ""; VariantName = "[No Variations]"
Added Component: Designator=U2(MODULE_RA-02_LORA)
Add component (AddParameter): Name = "Availability"; Value = "Unavailable"; VariantName = "[No Variations]"
Add component (AddParameter): Name = "MF"; Value = "{'manufacturer': u'AI-Thinker'}"; VariantName = "[No Variations]"
Add component (AddParameter): Name = "MP"; Value = "RA-02_LORA"; VariantName = "[No Variations]"
Add component (AddParameter): Name = "Package"; Value = "None"; VariantName = "[No Variations]"
Add component (AddParameter): Name = "Price"; Value = "None"; VariantName = "[No Variations]"
Add component (AddParameter): Name = "Value"; Value = ""; VariantName = "[No Variations]"
Added Pin To Net: NetName=3V3_vcc Pin=J2-4
Added Pin To Net: NetName=3V3_vcc Pin=U1-2
Added Pin To Net: NetName=3V3_vcc Pin=U2-3
Added Net: Name=3V3_vcc
Added Pin To Net: NetName=5V_VDC Pin=J1-A4
Added Pin To Net: NetName=5V_VDC Pin=J1-B4
Added Pin To Net: NetName=5V_VDC Pin=J3-4
Added Pin To Net: NetName=5V_VDC Pin=J4-4
Added Pin To Net: NetName=5V_VDC Pin=J5-4
Added Pin To Net: NetName=5V_VDC Pin=J6-4
Added Pin To Net: NetName=5V_VDC Pin=U1-14
Added Net: Name=5V_VDC
Added Pin To Net: NetName=DIO0 Pin=U1-9
Added Pin To Net: NetName=DIO0 Pin=U2-5
Added Net: Name=DIO0
Added Pin To Net: NetName=DIO1 Pin=U1-10
Added Pin To Net: NetName=DIO1 Pin=U2-6
Added Net: Name=DIO1
Added Pin To Net: NetName=GND Pin=J1-A12
Added Pin To Net: NetName=GND Pin=J1-B12
Added Pin To Net: NetName=GND Pin=J2-1
Added Pin To Net: NetName=GND Pin=J3-1
Added Pin To Net: NetName=GND Pin=J4-1
Added Pin To Net: NetName=GND Pin=J5-1
Added Pin To Net: NetName=GND Pin=J6-1
Added Pin To Net: NetName=GND Pin=U1-30
Added Pin To Net: NetName=GND Pin=U2-16
Added Net: Name=GND
Added Pin To Net: NetName=I2C_SCL Pin=J2-3
Added Pin To Net: NetName=I2C_SCL Pin=U1-26
Added Net: Name=I2C_SCL
Added Pin To Net: NetName=I2C_SDA Pin=J2-2
Added Pin To Net: NetName=I2C_SDA Pin=U1-25
Added Net: Name=I2C_SDA
Added Pin To Net: NetName=MISO Pin=U1-21
Added Pin To Net: NetName=MISO Pin=U2-13
Added Net: Name=MISO
Added Pin To Net: NetName=MOSI Pin=U1-22
Added Pin To Net: NetName=MOSI Pin=U2-14
Added Net: Name=MOSI
Added Pin To Net: NetName=NSS Pin=U1-23
Added Pin To Net: NetName=NSS Pin=U2-15
Added Net: Name=NSS
Added Pin To Net: NetName=O2_Sens_DOut Pin=J3-3
Added Pin To Net: NetName=O2_Sens_DOut Pin=J4-3
Added Pin To Net: NetName=O2_Sens_DOut Pin=J5-3
Added Pin To Net: NetName=O2_Sens_DOut Pin=J6-3
Added Pin To Net: NetName=O2_Sens_DOut Pin=U1-18
Added Net: Name=O2_Sens_DOut
Added Pin To Net: NetName=RST Pin=U1-11
Added Pin To Net: NetName=RST Pin=U2-4
Added Net: Name=RST
Added Pin To Net: NetName=SPI_CLK Pin=U1-20
Added Pin To Net: NetName=SPI_CLK Pin=U2-12
Added Net: Name=SPI_CLK
Added Class: Name=Sheet3
